This file contains any messages produced by compilers while
running configure, to aid debugging if configure makes a mistake.

It was created by xfig configure 3.2.8b, which was
generated by GNU Autoconf 2.69.  Invocation command line was

  $ ./configure --no-create --no-recursion

## --------- ##
## Platform. ##
## --------- ##

hostname = trojai
uname -m = x86_64
uname -r = 4.15.0-142-generic
uname -s = Linux
uname -v = #146-Ubuntu SMP Tue Apr 13 01:11:19 UTC 2021

/usr/bin/uname -p = unknown
/bin/uname -X     = unknown

/bin/arch              = unknown
/usr/bin/arch -k       = unknown
/usr/convex/getsysinfo = unknown
/usr/bin/hostinfo      = unknown
/bin/machine           = unknown
/usr/bin/oslevel       = unknown
/bin/universe          = unknown

PATH: /home/liu2598/.vscode-server/bin/1a5daa3a0231a0fbba4f14db7ec463cf99d7768e/bin/remote-cli
PATH: /home/liu2598/.local/bin
PATH: /home/liu2598/bin
PATH: /home/liu2598/anaconda3/condabin
PATH: /usr/local/sbin
PATH: /usr/local/bin
PATH: /usr/sbin
PATH: /usr/bin
PATH: /sbin
PATH: /bin
PATH: /usr/games
PATH: /usr/local/games
PATH: /snap/bin


## ----------- ##
## Core tests. ##
## ----------- ##

configure:2473: checking for a BSD-compatible install
configure:2541: result: /usr/bin/install -c
configure:2552: checking whether build environment is sane
configure:2607: result: yes
configure:2758: checking for a thread-safe mkdir -p
configure:2797: result: /bin/mkdir -p
configure:2804: checking for gawk
configure:2820: found /usr/bin/gawk
configure:2831: result: gawk
configure:2842: checking whether make sets $(MAKE)
configure:2864: result: yes
configure:2893: checking whether make supports nested variables
configure:2910: result: yes
configure:3097: checking for gcc
configure:3113: found /usr/bin/gcc
configure:3124: result: gcc
configure:3353: checking for C compiler version
configure:3362: gcc --version >&5
gcc (Ubuntu 7.5.0-3ubuntu1~18.04) 7.5.0
Copyright (C) 2017 Free Software Foundation, Inc.
This is free software; see the source for copying conditions.  There is NO
warranty; not even for MERCHANTABILITY or FITNESS FOR A PARTICULAR PURPOSE.

configure:3373: $? = 0
configure:3362: gcc -v >&5
Using built-in specs.
COLLECT_GCC=gcc
COLLECT_LTO_WRAPPER=/usr/lib/gcc/x86_64-linux-gnu/7/lto-wrapper
OFFLOAD_TARGET_NAMES=nvptx-none
OFFLOAD_TARGET_DEFAULT=1
Target: x86_64-linux-gnu
Configured with: ../src/configure -v --with-pkgversion='Ubuntu 7.5.0-3ubuntu1~18.04' --with-bugurl=file:///usr/share/doc/gcc-7/README.Bugs --enable-languages=c,ada,c++,go,brig,d,fortran,objc,obj-c++ --prefix=/usr --with-gcc-major-version-only --program-suffix=-7 --program-prefix=x86_64-linux-gnu- --enable-shared --enable-linker-build-id --libexecdir=/usr/lib --without-included-gettext --enable-threads=posix --libdir=/usr/lib --enable-nls --enable-bootstrap --enable-clocale=gnu --enable-libstdcxx-debug --enable-libstdcxx-time=yes --with-default-libstdcxx-abi=new --enable-gnu-unique-object --disable-vtable-verify --enable-libmpx --enable-plugin --enable-default-pie --with-system-zlib --with-target-system-zlib --enable-objc-gc=auto --enable-multiarch --disable-werror --with-arch-32=i686 --with-abi=m64 --with-multilib-list=m32,m64,mx32 --enable-multilib --with-tune=generic --enable-offload-targets=nvptx-none --without-cuda-driver --enable-checking=release --build=x86_64-linux-gnu --host=x86_64-linux-gnu --target=x86_64-linux-gnu
Thread model: posix
gcc version 7.5.0 (Ubuntu 7.5.0-3ubuntu1~18.04) 
configure:3373: $? = 0
configure:3362: gcc -V >&5
gcc: error: unrecognized command line option '-V'
gcc: fatal error: no input files
compilation terminated.
configure:3373: $? = 1
configure:3362: gcc -qversion >&5
gcc: error: unrecognized command line option '-qversion'; did you mean '--version'?
gcc: fatal error: no input files
compilation terminated.
configure:3373: $? = 1
configure:3393: checking whether the C compiler works
configure:3415: gcc    conftest.c  >&5
configure:3419: $? = 0
configure:3467: result: yes
configure:3470: checking for C compiler default output file name
configure:3472: result: a.out
configure:3478: checking for suffix of executables
configure:3485: gcc -o conftest    conftest.c  >&5
configure:3489: $? = 0
configure:3511: result: 
configure:3533: checking whether we are cross compiling
configure:3541: gcc -o conftest    conftest.c  >&5
configure:3545: $? = 0
configure:3552: ./conftest
configure:3556: $? = 0
configure:3571: result: no
configure:3576: checking for suffix of object files
configure:3598: gcc -c   conftest.c >&5
configure:3602: $? = 0
configure:3623: result: o
configure:3627: checking whether we are using the GNU C compiler
configure:3646: gcc -c   conftest.c >&5
configure:3646: $? = 0
configure:3655: result: yes
configure:3664: checking whether gcc accepts -g
configure:3684: gcc -c -g  conftest.c >&5
configure:3684: $? = 0
configure:3725: result: yes
configure:3742: checking for gcc option to accept ISO C89
configure:3805: gcc  -c -g -O2  conftest.c >&5
configure:3805: $? = 0
configure:3818: result: none needed
configure:3843: checking whether gcc understands -c and -o together
configure:3865: gcc -c conftest.c -o conftest2.o
configure:3868: $? = 0
configure:3865: gcc -c conftest.c -o conftest2.o
configure:3868: $? = 0
configure:3880: result: yes
configure:3900: checking whether make supports the include directive
configure:3915: make -f confmf.GNU && cat confinc.out
make[3]: Entering directory '/home/liu2598/MemFuzz/generator/fig/src/xfig-3.2.8b'
make[3]: Leaving directory '/home/liu2598/MemFuzz/generator/fig/src/xfig-3.2.8b'
this is the am__doit target
configure:3918: $? = 0
configure:3937: result: yes (GNU style)
configure:3962: checking dependency style of gcc
configure:4073: result: gcc3
configure:4089: checking for inline
configure:4105: gcc -c -g -O2  conftest.c >&5
configure:4105: $? = 0
configure:4113: result: inline
configure:4131: checking for grep that handles long lines and -e
configure:4189: result: /bin/grep
configure:4194: checking for fgrep
configure:4256: result: /bin/grep -F
configure:4261: checking whether ln -s works
configure:4265: result: yes
configure:4319: checking for ranlib
configure:4335: found /usr/bin/ranlib
configure:4346: result: ranlib
configure:4368: checking for a sed that does not truncate output
configure:4432: result: /bin/sed
configure:4486: checking for ar
configure:4502: found /usr/bin/ar
configure:4513: result: ar
configure:4539: checking the archiver (ar) interface
configure:4555: gcc -c -g -O2  conftest.c >&5
configure:4555: $? = 0
configure:4557: ar cru libconftest.a conftest.o >&5
ar: `u' modifier ignored since `D' is the default (see `U')
configure:4560: $? = 0
configure:4588: result: ar
configure:4618: checking for library containing pow
configure:4649: gcc -o conftest -g -O2   conftest.c  >&5
conftest.c:20:6: warning: conflicting types for built-in function 'pow' [-Wbuiltin-declaration-mismatch]
 char pow ();
      ^~~
/tmp/ccuLP1T0.o: In function `main':
/home/liu2598/MemFuzz/generator/fig/src/xfig-3.2.8b/conftest.c:24: undefined reference to `pow'
collect2: error: ld returned 1 exit status
configure:4649: $? = 1
configure: failed program was:
| /* confdefs.h */
| #define PACKAGE_NAME "xfig"
| #define PACKAGE_TARNAME "xfig"
| #define PACKAGE_VERSION "3.2.8b"
| #define PACKAGE_STRING "xfig 3.2.8b"
| #define PACKAGE_BUGREPORT "thomas.loimer@tuwien.ac.at"
| #define PACKAGE_URL "https://sourceforge.net/projects/mcj/"
| #define PROTOCOL_VERSION "3.2"
| #define RELEASE_YEAR "2021"
| #define PACKAGE "xfig"
| #define VERSION "3.2.8b"
| /* end confdefs.h.  */
| 
| /* Override any GCC internal prototype to avoid an error.
|    Use char because int might match the return type of a GCC
|    builtin and then its argument prototype would still apply.  */
| #ifdef __cplusplus
| extern "C"
| #endif
| char pow ();
| int
| main ()
| {
| return pow ();
|   ;
|   return 0;
| }
configure:4649: gcc -o conftest -g -O2   conftest.c -lm   >&5
conftest.c:20:6: warning: conflicting types for built-in function 'pow' [-Wbuiltin-declaration-mismatch]
 char pow ();
      ^~~
configure:4649: $? = 0
configure:4666: result: -lm
configure:4679: checking for dirent.h that defines DIR
configure:4698: gcc -c -g -O2  conftest.c >&5
configure:4698: $? = 0
configure:4706: result: yes
configure:4719: checking for library containing opendir
configure:4750: gcc -o conftest -g -O2   conftest.c -lm  >&5
configure:4750: $? = 0
configure:4767: result: none required
configure:4839: checking how to run the C preprocessor
configure:4870: gcc -E  conftest.c
configure:4870: $? = 0
configure:4884: gcc -E  conftest.c
conftest.c:14:10: fatal error: ac_nonexistent.h: No such file or directory
 #include <ac_nonexistent.h>
          ^~~~~~~~~~~~~~~~~~
compilation terminated.
configure:4884: $? = 1
configure: failed program was:
| /* confdefs.h */
| #define PACKAGE_NAME "xfig"
| #define PACKAGE_TARNAME "xfig"
| #define PACKAGE_VERSION "3.2.8b"
| #define PACKAGE_STRING "xfig 3.2.8b"
| #define PACKAGE_BUGREPORT "thomas.loimer@tuwien.ac.at"
| #define PACKAGE_URL "https://sourceforge.net/projects/mcj/"
| #define PROTOCOL_VERSION "3.2"
| #define RELEASE_YEAR "2021"
| #define PACKAGE "xfig"
| #define VERSION "3.2.8b"
| #define HAVE_DIRENT_H 1
| /* end confdefs.h.  */
| #include <ac_nonexistent.h>
configure:4909: result: gcc -E
configure:4929: gcc -E  conftest.c
configure:4929: $? = 0
configure:4943: gcc -E  conftest.c
conftest.c:14:10: fatal error: ac_nonexistent.h: No such file or directory
 #include <ac_nonexistent.h>
          ^~~~~~~~~~~~~~~~~~
compilation terminated.
configure:4943: $? = 1
configure: failed program was:
| /* confdefs.h */
| #define PACKAGE_NAME "xfig"
| #define PACKAGE_TARNAME "xfig"
| #define PACKAGE_VERSION "3.2.8b"
| #define PACKAGE_STRING "xfig 3.2.8b"
| #define PACKAGE_BUGREPORT "thomas.loimer@tuwien.ac.at"
| #define PACKAGE_URL "https://sourceforge.net/projects/mcj/"
| #define PROTOCOL_VERSION "3.2"
| #define RELEASE_YEAR "2021"
| #define PACKAGE "xfig"
| #define VERSION "3.2.8b"
| #define HAVE_DIRENT_H 1
| /* end confdefs.h.  */
| #include <ac_nonexistent.h>
configure:4972: checking for egrep
configure:5034: result: /bin/grep -E
configure:5039: checking for ANSI C header files
configure:5059: gcc -c -g -O2  conftest.c >&5
configure:5059: $? = 0
configure:5132: gcc -o conftest -g -O2   conftest.c -lm  >&5
configure:5132: $? = 0
configure:5132: ./conftest
configure:5132: $? = 0
configure:5143: result: yes
configure:5156: checking for sys/types.h
configure:5156: gcc -c -g -O2  conftest.c >&5
configure:5156: $? = 0
configure:5156: result: yes
configure:5156: checking for sys/stat.h
configure:5156: gcc -c -g -O2  conftest.c >&5
configure:5156: $? = 0
configure:5156: result: yes
configure:5156: checking for stdlib.h
configure:5156: gcc -c -g -O2  conftest.c >&5
configure:5156: $? = 0
configure:5156: result: yes
configure:5156: checking for string.h
configure:5156: gcc -c -g -O2  conftest.c >&5
configure:5156: $? = 0
configure:5156: result: yes
configure:5156: checking for memory.h
configure:5156: gcc -c -g -O2  conftest.c >&5
configure:5156: $? = 0
configure:5156: result: yes
configure:5156: checking for strings.h
configure:5156: gcc -c -g -O2  conftest.c >&5
configure:5156: $? = 0
configure:5156: result: yes
configure:5156: checking for inttypes.h
configure:5156: gcc -c -g -O2  conftest.c >&5
configure:5156: $? = 0
configure:5156: result: yes
configure:5156: checking for stdint.h
configure:5156: gcc -c -g -O2  conftest.c >&5
configure:5156: $? = 0
configure:5156: result: yes
configure:5156: checking for unistd.h
configure:5156: gcc -c -g -O2  conftest.c >&5
configure:5156: $? = 0
configure:5156: result: yes
configure:5174: checking for sys/time.h
configure:5174: gcc -c -g -O2  conftest.c >&5
configure:5174: $? = 0
configure:5174: result: yes
configure:5195: checking for X
configure:5334: gcc -o conftest -g -O2   conftest.c -lX11 -lm  >&5
configure:5334: $? = 0
configure:5384: result: libraries , headers 
configure:5404: checking X11/X.h usability
configure:5404: gcc -c -g -O2  conftest.c >&5
configure:5404: $? = 0
configure:5404: result: yes
configure:5404: checking X11/X.h presence
configure:5404: gcc -E  conftest.c
configure:5404: $? = 0
configure:5404: result: yes
configure:5404: checking for X11/X.h
configure:5404: result: yes
configure:5413: checking for jpeglib.h
configure:5413: gcc -c -g -O2  conftest.c >&5
configure:5413: $? = 0
configure:5413: result: yes
configure:5416: checking for library containing jpeg_read_header
configure:5447: gcc -o conftest -g -O2   conftest.c -lm  >&5
/tmp/ccQOLCuG.o: In function `main':
/home/liu2598/MemFuzz/generator/fig/src/xfig-3.2.8b/conftest.c:36: undefined reference to `jpeg_read_header'
collect2: error: ld returned 1 exit status
configure:5447: $? = 1
configure: failed program was:
| /* confdefs.h */
| #define PACKAGE_NAME "xfig"
| #define PACKAGE_TARNAME "xfig"
| #define PACKAGE_VERSION "3.2.8b"
| #define PACKAGE_STRING "xfig 3.2.8b"
| #define PACKAGE_BUGREPORT "thomas.loimer@tuwien.ac.at"
| #define PACKAGE_URL "https://sourceforge.net/projects/mcj/"
| #define PROTOCOL_VERSION "3.2"
| #define RELEASE_YEAR "2021"
| #define PACKAGE "xfig"
| #define VERSION "3.2.8b"
| #define HAVE_DIRENT_H 1
| #define STDC_HEADERS 1
| #define HAVE_SYS_TYPES_H 1
| #define HAVE_SYS_STAT_H 1
| #define HAVE_STDLIB_H 1
| #define HAVE_STRING_H 1
| #define HAVE_MEMORY_H 1
| #define HAVE_STRINGS_H 1
| #define HAVE_INTTYPES_H 1
| #define HAVE_STDINT_H 1
| #define HAVE_UNISTD_H 1
| #define HAVE_SYS_TIME_H 1
| /* end confdefs.h.  */
| 
| /* Override any GCC internal prototype to avoid an error.
|    Use char because int might match the return type of a GCC
|    builtin and then its argument prototype would still apply.  */
| #ifdef __cplusplus
| extern "C"
| #endif
| char jpeg_read_header ();
| int
| main ()
| {
| return jpeg_read_header ();
|   ;
|   return 0;
| }
configure:5447: gcc -o conftest -g -O2   conftest.c -ljpeg  -lm  >&5
configure:5447: $? = 0
configure:5464: result: -ljpeg
configure:5486: checking for png.h
configure:5486: gcc -c -g -O2  conftest.c >&5
configure:5486: $? = 0
configure:5486: result: yes
configure:5489: checking for library containing png_read_info
configure:5520: gcc -o conftest -g -O2   conftest.c -ljpeg -lm  >&5
/tmp/ccKMQVEX.o: In function `main':
/home/liu2598/MemFuzz/generator/fig/src/xfig-3.2.8b/conftest.c:37: undefined reference to `png_read_info'
collect2: error: ld returned 1 exit status
configure:5520: $? = 1
configure: failed program was:
| /* confdefs.h */
| #define PACKAGE_NAME "xfig"
| #define PACKAGE_TARNAME "xfig"
| #define PACKAGE_VERSION "3.2.8b"
| #define PACKAGE_STRING "xfig 3.2.8b"
| #define PACKAGE_BUGREPORT "thomas.loimer@tuwien.ac.at"
| #define PACKAGE_URL "https://sourceforge.net/projects/mcj/"
| #define PROTOCOL_VERSION "3.2"
| #define RELEASE_YEAR "2021"
| #define PACKAGE "xfig"
| #define VERSION "3.2.8b"
| #define HAVE_DIRENT_H 1
| #define STDC_HEADERS 1
| #define HAVE_SYS_TYPES_H 1
| #define HAVE_SYS_STAT_H 1
| #define HAVE_STDLIB_H 1
| #define HAVE_STRING_H 1
| #define HAVE_MEMORY_H 1
| #define HAVE_STRINGS_H 1
| #define HAVE_INTTYPES_H 1
| #define HAVE_STDINT_H 1
| #define HAVE_UNISTD_H 1
| #define HAVE_SYS_TIME_H 1
| #define HAVE_JPEG 1
| /* end confdefs.h.  */
| 
| /* Override any GCC internal prototype to avoid an error.
|    Use char because int might match the return type of a GCC
|    builtin and then its argument prototype would still apply.  */
| #ifdef __cplusplus
| extern "C"
| #endif
| char png_read_info ();
| int
| main ()
| {
| return png_read_info ();
|   ;
|   return 0;
| }
configure:5520: gcc -o conftest -g -O2   conftest.c -lpng  -ljpeg -lm  >&5
configure:5520: $? = 0
configure:5537: result: -lpng
configure:5559: checking for tiffio.h
configure:5559: gcc -c -g -O2  conftest.c >&5
configure:5559: $? = 0
configure:5559: result: yes
configure:5562: checking for library containing TIFFOpen
configure:5593: gcc -o conftest -g -O2   conftest.c -lpng -ljpeg -lm  >&5
/tmp/cc6BSF6e.o: In function `main':
/home/liu2598/MemFuzz/generator/fig/src/xfig-3.2.8b/conftest.c:38: undefined reference to `TIFFOpen'
collect2: error: ld returned 1 exit status
configure:5593: $? = 1
configure: failed program was:
| /* confdefs.h */
| #define PACKAGE_NAME "xfig"
| #define PACKAGE_TARNAME "xfig"
| #define PACKAGE_VERSION "3.2.8b"
| #define PACKAGE_STRING "xfig 3.2.8b"
| #define PACKAGE_BUGREPORT "thomas.loimer@tuwien.ac.at"
| #define PACKAGE_URL "https://sourceforge.net/projects/mcj/"
| #define PROTOCOL_VERSION "3.2"
| #define RELEASE_YEAR "2021"
| #define PACKAGE "xfig"
| #define VERSION "3.2.8b"
| #define HAVE_DIRENT_H 1
| #define STDC_HEADERS 1
| #define HAVE_SYS_TYPES_H 1
| #define HAVE_SYS_STAT_H 1
| #define HAVE_STDLIB_H 1
| #define HAVE_STRING_H 1
| #define HAVE_MEMORY_H 1
| #define HAVE_STRINGS_H 1
| #define HAVE_INTTYPES_H 1
| #define HAVE_STDINT_H 1
| #define HAVE_UNISTD_H 1
| #define HAVE_SYS_TIME_H 1
| #define HAVE_JPEG 1
| #define HAVE_PNG 1
| /* end confdefs.h.  */
| 
| /* Override any GCC internal prototype to avoid an error.
|    Use char because int might match the return type of a GCC
|    builtin and then its argument prototype would still apply.  */
| #ifdef __cplusplus
| extern "C"
| #endif
| char TIFFOpen ();
| int
| main ()
| {
| return TIFFOpen ();
|   ;
|   return 0;
| }
configure:5593: gcc -o conftest -g -O2   conftest.c -ltiff  -lpng -ljpeg -lm  >&5
configure:5593: $? = 0
configure:5610: result: -ltiff
configure:5636: checking for ghostscript/iapi.h
configure:5636: gcc -c -g -O2  conftest.c >&5
conftest.c:62:10: fatal error: ghostscript/iapi.h: No such file or directory
 #include <ghostscript/iapi.h>
          ^~~~~~~~~~~~~~~~~~~~
compilation terminated.
configure:5636: $? = 1
configure: failed program was:
| /* confdefs.h */
| #define PACKAGE_NAME "xfig"
| #define PACKAGE_TARNAME "xfig"
| #define PACKAGE_VERSION "3.2.8b"
| #define PACKAGE_STRING "xfig 3.2.8b"
| #define PACKAGE_BUGREPORT "thomas.loimer@tuwien.ac.at"
| #define PACKAGE_URL "https://sourceforge.net/projects/mcj/"
| #define PROTOCOL_VERSION "3.2"
| #define RELEASE_YEAR "2021"
| #define PACKAGE "xfig"
| #define VERSION "3.2.8b"
| #define HAVE_DIRENT_H 1
| #define STDC_HEADERS 1
| #define HAVE_SYS_TYPES_H 1
| #define HAVE_SYS_STAT_H 1
| #define HAVE_STDLIB_H 1
| #define HAVE_STRING_H 1
| #define HAVE_MEMORY_H 1
| #define HAVE_STRINGS_H 1
| #define HAVE_INTTYPES_H 1
| #define HAVE_STDINT_H 1
| #define HAVE_UNISTD_H 1
| #define HAVE_SYS_TIME_H 1
| #define HAVE_JPEG 1
| #define HAVE_PNG 1
| #define HAVE_TIFF 1
| /* end confdefs.h.  */
| #include <stdio.h>
| #ifdef HAVE_SYS_TYPES_H
| # include <sys/types.h>
| #endif
| #ifdef HAVE_SYS_STAT_H
| # include <sys/stat.h>
| #endif
| #ifdef STDC_HEADERS
| # include <stdlib.h>
| # include <stddef.h>
| #else
| # ifdef HAVE_STDLIB_H
| #  include <stdlib.h>
| # endif
| #endif
| #ifdef HAVE_STRING_H
| # if !defined STDC_HEADERS && defined HAVE_MEMORY_H
| #  include <memory.h>
| # endif
| # include <string.h>
| #endif
| #ifdef HAVE_STRINGS_H
| # include <strings.h>
| #endif
| #ifdef HAVE_INTTYPES_H
| # include <inttypes.h>
| #endif
| #ifdef HAVE_STDINT_H
| # include <stdint.h>
| #endif
| #ifdef HAVE_UNISTD_H
| # include <unistd.h>
| #endif
| 
| #include <ghostscript/iapi.h>
configure:5636: result: no
configure:5713: checking whether byte ordering is bigendian
configure:5728: gcc -c -g -O2  conftest.c >&5
conftest.c:29:9: error: unknown type name 'not'
         not a universal capable compiler
         ^~~
conftest.c:29:15: error: expected '=', ',', ';', 'asm' or '__attribute__' before 'universal'
         not a universal capable compiler
               ^~~~~~~~~
conftest.c:29:15: error: unknown type name 'universal'
configure:5728: $? = 1
configure: failed program was:
| /* confdefs.h */
| #define PACKAGE_NAME "xfig"
| #define PACKAGE_TARNAME "xfig"
| #define PACKAGE_VERSION "3.2.8b"
| #define PACKAGE_STRING "xfig 3.2.8b"
| #define PACKAGE_BUGREPORT "thomas.loimer@tuwien.ac.at"
| #define PACKAGE_URL "https://sourceforge.net/projects/mcj/"
| #define PROTOCOL_VERSION "3.2"
| #define RELEASE_YEAR "2021"
| #define PACKAGE "xfig"
| #define VERSION "3.2.8b"
| #define HAVE_DIRENT_H 1
| #define STDC_HEADERS 1
| #define HAVE_SYS_TYPES_H 1
| #define HAVE_SYS_STAT_H 1
| #define HAVE_STDLIB_H 1
| #define HAVE_STRING_H 1
| #define HAVE_MEMORY_H 1
| #define HAVE_STRINGS_H 1
| #define HAVE_INTTYPES_H 1
| #define HAVE_STDINT_H 1
| #define HAVE_UNISTD_H 1
| #define HAVE_SYS_TIME_H 1
| #define HAVE_JPEG 1
| #define HAVE_PNG 1
| #define HAVE_TIFF 1
| /* end confdefs.h.  */
| #ifndef __APPLE_CC__
| 	       not a universal capable compiler
| 	     #endif
| 	     typedef int dummy;
| 
configure:5773: gcc -c -g -O2  conftest.c >&5
configure:5773: $? = 0
configure:5791: gcc -c -g -O2  conftest.c >&5
conftest.c: In function 'main':
conftest.c:35:4: error: unknown type name 'not'; did you mean 'ino_t'?
    not big endian
    ^~~
    ino_t
conftest.c:35:12: error: expected '=', ',', ';', 'asm' or '__attribute__' before 'endian'
    not big endian
            ^~~~~~
configure:5791: $? = 1
configure: failed program was:
| /* confdefs.h */
| #define PACKAGE_NAME "xfig"
| #define PACKAGE_TARNAME "xfig"
| #define PACKAGE_VERSION "3.2.8b"
| #define PACKAGE_STRING "xfig 3.2.8b"
| #define PACKAGE_BUGREPORT "thomas.loimer@tuwien.ac.at"
| #define PACKAGE_URL "https://sourceforge.net/projects/mcj/"
| #define PROTOCOL_VERSION "3.2"
| #define RELEASE_YEAR "2021"
| #define PACKAGE "xfig"
| #define VERSION "3.2.8b"
| #define HAVE_DIRENT_H 1
| #define STDC_HEADERS 1
| #define HAVE_SYS_TYPES_H 1
| #define HAVE_SYS_STAT_H 1
| #define HAVE_STDLIB_H 1
| #define HAVE_STRING_H 1
| #define HAVE_MEMORY_H 1
| #define HAVE_STRINGS_H 1
| #define HAVE_INTTYPES_H 1
| #define HAVE_STDINT_H 1
| #define HAVE_UNISTD_H 1
| #define HAVE_SYS_TIME_H 1
| #define HAVE_JPEG 1
| #define HAVE_PNG 1
| #define HAVE_TIFF 1
| /* end confdefs.h.  */
| #include <sys/types.h>
| 		#include <sys/param.h>
| 
| int
| main ()
| {
| #if BYTE_ORDER != BIG_ENDIAN
| 		 not big endian
| 		#endif
| 
|   ;
|   return 0;
| }
configure:5919: result: no
configure:5937: checking for inline
configure:5961: result: inline
configure:5979: checking for C/C++ restrict keyword
configure:6004: gcc -c -g -O2  conftest.c >&5
configure:6004: $? = 0
configure:6012: result: __restrict
configure:6025: checking for pid_t
configure:6025: gcc -c -g -O2  conftest.c >&5
configure:6025: $? = 0
configure:6025: gcc -c -g -O2  conftest.c >&5
conftest.c: In function 'main':
conftest.c:65:20: error: expected expression before ')' token
 if (sizeof ((pid_t)))
                    ^
configure:6025: $? = 1
configure: failed program was:
| /* confdefs.h */
| #define PACKAGE_NAME "xfig"
| #define PACKAGE_TARNAME "xfig"
| #define PACKAGE_VERSION "3.2.8b"
| #define PACKAGE_STRING "xfig 3.2.8b"
| #define PACKAGE_BUGREPORT "thomas.loimer@tuwien.ac.at"
| #define PACKAGE_URL "https://sourceforge.net/projects/mcj/"
| #define PROTOCOL_VERSION "3.2"
| #define RELEASE_YEAR "2021"
| #define PACKAGE "xfig"
| #define VERSION "3.2.8b"
| #define HAVE_DIRENT_H 1
| #define STDC_HEADERS 1
| #define HAVE_SYS_TYPES_H 1
| #define HAVE_SYS_STAT_H 1
| #define HAVE_STDLIB_H 1
| #define HAVE_STRING_H 1
| #define HAVE_MEMORY_H 1
| #define HAVE_STRINGS_H 1
| #define HAVE_INTTYPES_H 1
| #define HAVE_STDINT_H 1
| #define HAVE_UNISTD_H 1
| #define HAVE_SYS_TIME_H 1
| #define HAVE_JPEG 1
| #define HAVE_PNG 1
| #define HAVE_TIFF 1
| #define restrict __restrict
| /* end confdefs.h.  */
| #include <stdio.h>
| #ifdef HAVE_SYS_TYPES_H
| # include <sys/types.h>
| #endif
| #ifdef HAVE_SYS_STAT_H
| # include <sys/stat.h>
| #endif
| #ifdef STDC_HEADERS
| # include <stdlib.h>
| # include <stddef.h>
| #else
| # ifdef HAVE_STDLIB_H
| #  include <stdlib.h>
| # endif
| #endif
| #ifdef HAVE_STRING_H
| # if !defined STDC_HEADERS && defined HAVE_MEMORY_H
| #  include <memory.h>
| # endif
| # include <string.h>
| #endif
| #ifdef HAVE_STRINGS_H
| # include <strings.h>
| #endif
| #ifdef HAVE_INTTYPES_H
| # include <inttypes.h>
| #endif
| #ifdef HAVE_STDINT_H
| # include <stdint.h>
| #endif
| #ifdef HAVE_UNISTD_H
| # include <unistd.h>
| #endif
| int
| main ()
| {
| if (sizeof ((pid_t)))
| 	    return 0;
|   ;
|   return 0;
| }
configure:6025: result: yes
configure:6036: checking for size_t
configure:6036: gcc -c -g -O2  conftest.c >&5
configure:6036: $? = 0
configure:6036: gcc -c -g -O2  conftest.c >&5
conftest.c: In function 'main':
conftest.c:65:21: error: expected expression before ')' token
 if (sizeof ((size_t)))
                     ^
configure:6036: $? = 1
configure: failed program was:
| /* confdefs.h */
| #define PACKAGE_NAME "xfig"
| #define PACKAGE_TARNAME "xfig"
| #define PACKAGE_VERSION "3.2.8b"
| #define PACKAGE_STRING "xfig 3.2.8b"
| #define PACKAGE_BUGREPORT "thomas.loimer@tuwien.ac.at"
| #define PACKAGE_URL "https://sourceforge.net/projects/mcj/"
| #define PROTOCOL_VERSION "3.2"
| #define RELEASE_YEAR "2021"
| #define PACKAGE "xfig"
| #define VERSION "3.2.8b"
| #define HAVE_DIRENT_H 1
| #define STDC_HEADERS 1
| #define HAVE_SYS_TYPES_H 1
| #define HAVE_SYS_STAT_H 1
| #define HAVE_STDLIB_H 1
| #define HAVE_STRING_H 1
| #define HAVE_MEMORY_H 1
| #define HAVE_STRINGS_H 1
| #define HAVE_INTTYPES_H 1
| #define HAVE_STDINT_H 1
| #define HAVE_UNISTD_H 1
| #define HAVE_SYS_TIME_H 1
| #define HAVE_JPEG 1
| #define HAVE_PNG 1
| #define HAVE_TIFF 1
| #define restrict __restrict
| /* end confdefs.h.  */
| #include <stdio.h>
| #ifdef HAVE_SYS_TYPES_H
| # include <sys/types.h>
| #endif
| #ifdef HAVE_SYS_STAT_H
| # include <sys/stat.h>
| #endif
| #ifdef STDC_HEADERS
| # include <stdlib.h>
| # include <stddef.h>
| #else
| # ifdef HAVE_STDLIB_H
| #  include <stdlib.h>
| # endif
| #endif
| #ifdef HAVE_STRING_H
| # if !defined STDC_HEADERS && defined HAVE_MEMORY_H
| #  include <memory.h>
| # endif
| # include <string.h>
| #endif
| #ifdef HAVE_STRINGS_H
| # include <strings.h>
| #endif
| #ifdef HAVE_INTTYPES_H
| # include <inttypes.h>
| #endif
| #ifdef HAVE_STDINT_H
| # include <stdint.h>
| #endif
| #ifdef HAVE_UNISTD_H
| # include <unistd.h>
| #endif
| int
| main ()
| {
| if (sizeof ((size_t)))
| 	    return 0;
|   ;
|   return 0;
| }
configure:6036: result: yes
configure:6047: checking whether S_IFDIR is declared
configure:6047: gcc -c -g -O2  conftest.c >&5
configure:6047: $? = 0
configure:6047: result: yes
configure:6058: checking whether S_IWRITE is declared
configure:6058: gcc -c -g -O2  conftest.c >&5
configure:6058: $? = 0
configure:6058: result: yes
configure:6069: checking whether REG_NOERROR is declared
configure:6069: gcc -c -g -O2  conftest.c >&5
configure:6069: $? = 0
configure:6069: result: yes
configure:6083: checking whether the linker accepts -Wl,--allow-multiple-definition
configure:6102: gcc -o conftest -g -O2    -Wl,--allow-multiple-definition conftest.c -ltiff -lpng -ljpeg -lm  >&5
configure:6102: $? = 0
configure:6111: result: yes
configure:6129: checking vfork.h usability
configure:6129: gcc -c -g -O2  conftest.c >&5
conftest.c:64:10: fatal error: vfork.h: No such file or directory
 #include <vfork.h>
          ^~~~~~~~~
compilation terminated.
configure:6129: $? = 1
configure: failed program was:
| /* confdefs.h */
| #define PACKAGE_NAME "xfig"
| #define PACKAGE_TARNAME "xfig"
| #define PACKAGE_VERSION "3.2.8b"
| #define PACKAGE_STRING "xfig 3.2.8b"
| #define PACKAGE_BUGREPORT "thomas.loimer@tuwien.ac.at"
| #define PACKAGE_URL "https://sourceforge.net/projects/mcj/"
| #define PROTOCOL_VERSION "3.2"
| #define RELEASE_YEAR "2021"
| #define PACKAGE "xfig"
| #define VERSION "3.2.8b"
| #define HAVE_DIRENT_H 1
| #define STDC_HEADERS 1
| #define HAVE_SYS_TYPES_H 1
| #define HAVE_SYS_STAT_H 1
| #define HAVE_STDLIB_H 1
| #define HAVE_STRING_H 1
| #define HAVE_MEMORY_H 1
| #define HAVE_STRINGS_H 1
| #define HAVE_INTTYPES_H 1
| #define HAVE_STDINT_H 1
| #define HAVE_UNISTD_H 1
| #define HAVE_SYS_TIME_H 1
| #define HAVE_JPEG 1
| #define HAVE_PNG 1
| #define HAVE_TIFF 1
| #define restrict __restrict
| #define HAVE_DECL_S_IFDIR 1
| #define HAVE_DECL_S_IWRITE 1
| /* end confdefs.h.  */
| #include <stdio.h>
| #ifdef HAVE_SYS_TYPES_H
| # include <sys/types.h>
| #endif
| #ifdef HAVE_SYS_STAT_H
| # include <sys/stat.h>
| #endif
| #ifdef STDC_HEADERS
| # include <stdlib.h>
| # include <stddef.h>
| #else
| # ifdef HAVE_STDLIB_H
| #  include <stdlib.h>
| # endif
| #endif
| #ifdef HAVE_STRING_H
| # if !defined STDC_HEADERS && defined HAVE_MEMORY_H
| #  include <memory.h>
| # endif
| # include <string.h>
| #endif
| #ifdef HAVE_STRINGS_H
| # include <strings.h>
| #endif
| #ifdef HAVE_INTTYPES_H
| # include <inttypes.h>
| #endif
| #ifdef HAVE_STDINT_H
| # include <stdint.h>
| #endif
| #ifdef HAVE_UNISTD_H
| # include <unistd.h>
| #endif
| #include <vfork.h>
configure:6129: result: no
configure:6129: checking vfork.h presence
configure:6129: gcc -E  conftest.c
conftest.c:31:10: fatal error: vfork.h: No such file or directory
 #include <vfork.h>
          ^~~~~~~~~
compilation terminated.
configure:6129: $? = 1
configure: failed program was:
| /* confdefs.h */
| #define PACKAGE_NAME "xfig"
| #define PACKAGE_TARNAME "xfig"
| #define PACKAGE_VERSION "3.2.8b"
| #define PACKAGE_STRING "xfig 3.2.8b"
| #define PACKAGE_BUGREPORT "thomas.loimer@tuwien.ac.at"
| #define PACKAGE_URL "https://sourceforge.net/projects/mcj/"
| #define PROTOCOL_VERSION "3.2"
| #define RELEASE_YEAR "2021"
| #define PACKAGE "xfig"
| #define VERSION "3.2.8b"
| #define HAVE_DIRENT_H 1
| #define STDC_HEADERS 1
| #define HAVE_SYS_TYPES_H 1
| #define HAVE_SYS_STAT_H 1
| #define HAVE_STDLIB_H 1
| #define HAVE_STRING_H 1
| #define HAVE_MEMORY_H 1
| #define HAVE_STRINGS_H 1
| #define HAVE_INTTYPES_H 1
| #define HAVE_STDINT_H 1
| #define HAVE_UNISTD_H 1
| #define HAVE_SYS_TIME_H 1
| #define HAVE_JPEG 1
| #define HAVE_PNG 1
| #define HAVE_TIFF 1
| #define restrict __restrict
| #define HAVE_DECL_S_IFDIR 1
| #define HAVE_DECL_S_IWRITE 1
| /* end confdefs.h.  */
| #include <vfork.h>
configure:6129: result: no
configure:6129: checking for vfork.h
configure:6129: result: no
configure:6142: checking for fork
configure:6142: gcc -o conftest -g -O2   conftest.c -ltiff -lpng -ljpeg -lm  >&5
conftest.c:54:6: warning: conflicting types for built-in function 'fork' [-Wbuiltin-declaration-mismatch]
 char fork ();
      ^~~~
configure:6142: $? = 0
configure:6142: result: yes
configure:6142: checking for vfork
configure:6142: gcc -o conftest -g -O2   conftest.c -ltiff -lpng -ljpeg -lm  >&5
configure:6142: $? = 0
configure:6142: result: yes
configure:6152: checking for working fork
configure:6174: gcc -o conftest -g -O2   conftest.c -ltiff -lpng -ljpeg -lm  >&5
configure:6174: $? = 0
configure:6174: ./conftest
configure:6174: $? = 0
configure:6184: result: yes
configure:6205: checking for working vfork
configure:6315: result: yes
configure:6347: checking for getcwd
configure:6347: gcc -o conftest -g -O2   conftest.c -ltiff -lpng -ljpeg -lm  >&5
configure:6347: $? = 0
configure:6347: result: yes
configure:6347: checking for setlocale
configure:6347: gcc -o conftest -g -O2   conftest.c -ltiff -lpng -ljpeg -lm  >&5
configure:6347: $? = 0
configure:6347: result: yes
configure:6347: checking for strerror
configure:6347: gcc -o conftest -g -O2   conftest.c -ltiff -lpng -ljpeg -lm  >&5
configure:6347: $? = 0
configure:6347: result: yes
configure:6363: checking for isascii
configure:6363: gcc -o conftest -g -O2   conftest.c -ltiff -lpng -ljpeg -lm  >&5
conftest.c:61:6: warning: conflicting types for built-in function 'isascii' [-Wbuiltin-declaration-mismatch]
 char isascii ();
      ^~~~~~~
configure:6363: $? = 0
configure:6363: result: yes
configure:6376: checking for strstr
configure:6376: gcc -o conftest -g -O2   conftest.c -ltiff -lpng -ljpeg -lm  >&5
conftest.c:62:6: warning: conflicting types for built-in function 'strstr' [-Wbuiltin-declaration-mismatch]
 char strstr ();
      ^~~~~~
configure:6376: $? = 0
configure:6376: result: yes
configure:6389: checking for strchr
configure:6389: gcc -o conftest -g -O2   conftest.c -ltiff -lpng -ljpeg -lm  >&5
conftest.c:63:6: warning: conflicting types for built-in function 'strchr' [-Wbuiltin-declaration-mismatch]
 char strchr ();
      ^~~~~~
configure:6389: $? = 0
configure:6389: result: yes
configure:6402: checking for strrchr
configure:6402: gcc -o conftest -g -O2   conftest.c -ltiff -lpng -ljpeg -lm  >&5
conftest.c:64:6: warning: conflicting types for built-in function 'strrchr' [-Wbuiltin-declaration-mismatch]
 char strrchr ();
      ^~~~~~~
configure:6402: $? = 0
configure:6402: result: yes
configure:6415: checking for strcasecmp
configure:6415: gcc -o conftest -g -O2   conftest.c -ltiff -lpng -ljpeg -lm  >&5
conftest.c:65:6: warning: conflicting types for built-in function 'strcasecmp' [-Wbuiltin-declaration-mismatch]
 char strcasecmp ();
      ^~~~~~~~~~
configure:6415: $? = 0
configure:6415: result: yes
configure:6428: checking for strncasecmp
configure:6428: gcc -o conftest -g -O2   conftest.c -ltiff -lpng -ljpeg -lm  >&5
conftest.c:66:6: warning: conflicting types for built-in function 'strncasecmp' [-Wbuiltin-declaration-mismatch]
 char strncasecmp ();
      ^~~~~~~~~~~
configure:6428: $? = 0
configure:6428: result: yes
configure:6441: checking for strdup
configure:6441: gcc -o conftest -g -O2   conftest.c -ltiff -lpng -ljpeg -lm  >&5
conftest.c:67:6: warning: conflicting types for built-in function 'strdup' [-Wbuiltin-declaration-mismatch]
 char strdup ();
      ^~~~~~
configure:6441: $? = 0
configure:6441: result: yes
configure:6454: checking for strndup
configure:6454: gcc -o conftest -g -O2   conftest.c -ltiff -lpng -ljpeg -lm  >&5
conftest.c:68:6: warning: conflicting types for built-in function 'strndup' [-Wbuiltin-declaration-mismatch]
 char strndup ();
      ^~~~~~~
configure:6454: $? = 0
configure:6454: result: yes
configure:6570: checking for library containing XpmFree
configure:6601: gcc -o conftest -g -O2   conftest.c -ltiff -lpng -ljpeg -lm  >&5
/tmp/ccrb9y7B.o: In function `main':
/home/liu2598/MemFuzz/generator/fig/src/xfig-3.2.8b/conftest.c:62: undefined reference to `XpmFree'
collect2: error: ld returned 1 exit status
configure:6601: $? = 1
configure: failed program was:
| /* confdefs.h */
| #define PACKAGE_NAME "xfig"
| #define PACKAGE_TARNAME "xfig"
| #define PACKAGE_VERSION "3.2.8b"
| #define PACKAGE_STRING "xfig 3.2.8b"
| #define PACKAGE_BUGREPORT "thomas.loimer@tuwien.ac.at"
| #define PACKAGE_URL "https://sourceforge.net/projects/mcj/"
| #define PROTOCOL_VERSION "3.2"
| #define RELEASE_YEAR "2021"
| #define PACKAGE "xfig"
| #define VERSION "3.2.8b"
| #define HAVE_DIRENT_H 1
| #define STDC_HEADERS 1
| #define HAVE_SYS_TYPES_H 1
| #define HAVE_SYS_STAT_H 1
| #define HAVE_STDLIB_H 1
| #define HAVE_STRING_H 1
| #define HAVE_MEMORY_H 1
| #define HAVE_STRINGS_H 1
| #define HAVE_INTTYPES_H 1
| #define HAVE_STDINT_H 1
| #define HAVE_UNISTD_H 1
| #define HAVE_SYS_TIME_H 1
| #define HAVE_JPEG 1
| #define HAVE_PNG 1
| #define HAVE_TIFF 1
| #define restrict __restrict
| #define HAVE_DECL_S_IFDIR 1
| #define HAVE_DECL_S_IWRITE 1
| #define HAVE_FORK 1
| #define HAVE_VFORK 1
| #define HAVE_WORKING_VFORK 1
| #define HAVE_WORKING_FORK 1
| #define HAVE_GETCWD 1
| #define HAVE_SETLOCALE 1
| #define HAVE_STRERROR 1
| #define HAVE_ISASCII 1
| #define HAVE_STRSTR 1
| #define HAVE_STRCHR 1
| #define HAVE_STRRCHR 1
| #define HAVE_STRCASECMP 1
| #define HAVE_STRNCASECMP 1
| #define HAVE_STRDUP 1
| #define HAVE_STRNDUP 1
| #define ARROWS4TO14 1
| #define I18N 1
| #define I18N_USE_PREEDIT 1
| #define GSEXE "gs"
| #define CACHE_SIZE_LIMIT 20000
| /* end confdefs.h.  */
| 
| /* Override any GCC internal prototype to avoid an error.
|    Use char because int might match the return type of a GCC
|    builtin and then its argument prototype would still apply.  */
| #ifdef __cplusplus
| extern "C"
| #endif
| char XpmFree ();
| int
| main ()
| {
| return XpmFree ();
|   ;
|   return 0;
| }
configure:6601: gcc -o conftest -g -O2   conftest.c -lXpm  -ltiff -lpng -ljpeg -lm  >&5
configure:6601: $? = 0
configure:6618: result: -lXpm
configure:7092: checking that generated files are newer than configure
configure:7098: result: done
configure:7162: creating ./config.status
configure:8529:
  Compile, CC=gcc XCPPFLAGS=-DXAW_INTERNATIONALIZATION \
	CPPFLAGS=<empty> CFLAGS=-g -O2
  Link, gcc CFLAGS=-g -O2 XLDFLAGS=<empty> \
	LDFLAGS=<empty> <object> \
	XLIBS=-lXaw3d -lXt -lX11 LIBS=-lXpm -ltiff -lpng -ljpeg -lm 

Installation locations:
  /usr/local/share/X11/app-defaults/ Fig	(--with-appdefaultdir)
  /usr/local/share/applications/ xfig.desktop	(--with-applicationsdir)
  /usr/local/share/pixmaps/ xfig.png	(--with-icondir)
  /usr/local/share/xfig/ Libraries (--datarootdir)
  /usr/local/share/doc/xfig/ html	(--htmldir)
  /usr/local/share/doc/xfig/ doc-files	(--docdir)

## ---------------- ##
## Cache variables. ##
## ---------------- ##

ac_cv_c_bigendian=no
ac_cv_c_compiler_gnu=yes
ac_cv_c_inline=inline
ac_cv_c_restrict=__restrict
ac_cv_env_CC_set=
ac_cv_env_CC_value=
ac_cv_env_CFLAGS_set=
ac_cv_env_CFLAGS_value=
ac_cv_env_CPPFLAGS_set=
ac_cv_env_CPPFLAGS_value=
ac_cv_env_CPP_set=
ac_cv_env_CPP_value=
ac_cv_env_LDFLAGS_set=
ac_cv_env_LDFLAGS_value=
ac_cv_env_LIBS_set=
ac_cv_env_LIBS_value=
ac_cv_env_XMKMF_set=
ac_cv_env_XMKMF_value=
ac_cv_env_build_alias_set=
ac_cv_env_build_alias_value=
ac_cv_env_host_alias_set=
ac_cv_env_host_alias_value=
ac_cv_env_target_alias_set=
ac_cv_env_target_alias_value=
ac_cv_func_fork=yes
ac_cv_func_fork_works=yes
ac_cv_func_getcwd=yes
ac_cv_func_isascii=yes
ac_cv_func_setlocale=yes
ac_cv_func_strcasecmp=yes
ac_cv_func_strchr=yes
ac_cv_func_strdup=yes
ac_cv_func_strerror=yes
ac_cv_func_strncasecmp=yes
ac_cv_func_strndup=yes
ac_cv_func_strrchr=yes
ac_cv_func_strstr=yes
ac_cv_func_vfork=yes
ac_cv_func_vfork_works=yes
ac_cv_have_decl_REG_NOERROR=yes
ac_cv_have_decl_S_IFDIR=yes
ac_cv_have_decl_S_IWRITE=yes
ac_cv_have_x='have_x=yes	ac_x_includes='\'''\''	ac_x_libraries='\'''\'''
ac_cv_header_X11_X_h=yes
ac_cv_header_dirent_dirent_h=yes
ac_cv_header_ghostscript_iapi_h=no
ac_cv_header_inttypes_h=yes
ac_cv_header_jpeglib_h=yes
ac_cv_header_memory_h=yes
ac_cv_header_png_h=yes
ac_cv_header_stdc=yes
ac_cv_header_stdint_h=yes
ac_cv_header_stdlib_h=yes
ac_cv_header_string_h=yes
ac_cv_header_strings_h=yes
ac_cv_header_sys_stat_h=yes
ac_cv_header_sys_time_h=yes
ac_cv_header_sys_types_h=yes
ac_cv_header_tiffio_h=yes
ac_cv_header_unistd_h=yes
ac_cv_header_vfork_h=no
ac_cv_objext=o
ac_cv_path_EGREP='/bin/grep -E'
ac_cv_path_FGREP='/bin/grep -F'
ac_cv_path_GREP=/bin/grep
ac_cv_path_SED=/bin/sed
ac_cv_path_install='/usr/bin/install -c'
ac_cv_path_mkdir=/bin/mkdir
ac_cv_prog_AWK=gawk
ac_cv_prog_CPP='gcc -E'
ac_cv_prog_ac_ct_AR=ar
ac_cv_prog_ac_ct_CC=gcc
ac_cv_prog_ac_ct_RANLIB=ranlib
ac_cv_prog_cc_c89=
ac_cv_prog_cc_g=yes
ac_cv_prog_make_make_set=yes
ac_cv_search_TIFFOpen=-ltiff
ac_cv_search_XpmFree=-lXpm
ac_cv_search_jpeg_read_header=-ljpeg
ac_cv_search_opendir='none required'
ac_cv_search_png_read_info=-lpng
ac_cv_search_pow=-lm
ac_cv_type_pid_t=yes
ac_cv_type_size_t=yes
am_cv_CC_dependencies_compiler_type=gcc3
am_cv_ar_interface=ar
am_cv_make_support_nested_variables=yes
am_cv_prog_cc_c_o=yes
ax_cv_check_ldflags___Wl___allow_multiple_definition=yes

## ----------------- ##
## Output variables. ##
## ----------------- ##

.BR "\-ghostscript """"" .'
ACLOCAL='${SHELL} /home/liu2598/MemFuzz/generator/fig/src/xfig-3.2.8b/missing aclocal-1.16'
ALLOW_MULTIPLE_DEFINITION_FALSE='#'
ALLOW_MULTIPLE_DEFINITION_TRUE=''
AMDEPBACKSLASH='\'
AMDEP_FALSE='#'
AMDEP_TRUE=''
AMTAR='$${TAR-tar}'
AM_BACKSLASH='\'
AM_DEFAULT_V='$(AM_DEFAULT_VERBOSITY)'
AM_DEFAULT_VERBOSITY='1'
AM_V='$(V)'
APPDEFAULTDIR='/usr/local/share/X11/app-defaults'
APPLICATIONSDIR='/usr/local/share/applications'
AR='ar'
AUTOCONF='${SHELL} /home/liu2598/MemFuzz/generator/fig/src/xfig-3.2.8b/missing autoconf'
AUTOHEADER='${SHELL} /home/liu2598/MemFuzz/generator/fig/src/xfig-3.2.8b/missing autoheader'
AUTOM4TE='${SHELL} /home/liu2598/MemFuzz/generator/fig/src/xfig-3.2.8b/missing autom4te'
AUTOMAKE='${SHELL} /home/liu2598/MemFuzz/generator/fig/src/xfig-3.2.8b/missing automake-1.16'
AWK='gawk'
CC='gcc'
CCDEPMODE='depmode=gcc3'
CFLAGS='-g -O2'
COMPKEYDBDIR='/usr/local/share/xfig'
CPP='gcc -E'
CPPFLAGS=''
CYGPATH_W='echo'
DEFS='-DHAVE_CONFIG_H'
DEPDIR='.deps'
DOCDIR='/usr/local/share/doc/xfig'
ECHO_C=''
ECHO_N='-n'
ECHO_T=''
EGREP='/bin/grep -E'
ENABLE_VERSIONING_FALSE=''
ENABLE_VERSIONING_TRUE='#'
EXEEXT=''
FGREP='/bin/grep -F'
GREP='/bin/grep'
GSEXE='gs'
HAVE_JPEG_FALSE='#'
HAVE_JPEG_TRUE=''
HAVE_PNG_FALSE='#'
HAVE_PNG_TRUE=''
HAVE_TIFF_FALSE='#'
HAVE_TIFF_TRUE=''
HTMLDIR='/usr/local/share/doc/xfig'
I18N_FALSE='#'
I18N_TRUE=''
ICONDIR='/usr/local/share/pixmaps'
INSTALL_DATA='${INSTALL} -m 644'
INSTALL_PROGRAM='${INSTALL}'
INSTALL_SCRIPT='${INSTALL}'
INSTALL_STRIP_PROGRAM='$(install_sh) -c -s'
LDFLAGS=''
LIBOBJS=''
LIBS='-lXpm -ltiff -lpng -ljpeg -lm '
LN_S='ln -s'
LTLIBOBJS=''
MAKEINFO='${SHELL} /home/liu2598/MemFuzz/generator/fig/src/xfig-3.2.8b/missing makeinfo'
MKDIR_P='/bin/mkdir -p'
OBJEXT='o'
PACKAGE='xfig'
PACKAGE_BUGREPORT='thomas.loimer@tuwien.ac.at'
PACKAGE_NAME='xfig'
PACKAGE_STRING='xfig 3.2.8b'
PACKAGE_TARNAME='xfig'
PACKAGE_URL='https://sourceforge.net/projects/mcj/'
PACKAGE_VERSION='3.2.8b'
PATH_SEPARATOR=':'
PKGDATADIR='/usr/local/share/xfig'
PostScript files. To disable calling ghostscript, set to the empty string,
RANLIB='ranlib'
RELEASE_DATE='Aug 2021'
RELEASE_YEAR='2021'
SED='/bin/sed'
SET_MAKE=''
SHELL='/bin/bash'
STRIP=''
USE_SPLASH_FALSE=''
USE_SPLASH_TRUE='#'
USE_XPM_FALSE='#'
USE_XPM_TRUE=''
VERSION='3.2.8b'
XAW3D1_5E_FALSE='#'
XAW3D1_5E_TRUE=''
XCPPFLAGS='-DXAW_INTERNATIONALIZATION'
XFIG_LIBRARIES_FALSE='#'
XFIG_LIBRARIES_TRUE=''
XLDFLAGS=''
XLIBS='-lXaw3d -lXt -lX11'
XMKMF=''
ac_ct_AR='ar'
ac_ct_CC='gcc'
am__EXEEXT_FALSE=''
am__EXEEXT_TRUE='#'
am__fastdepCC_FALSE='#'
am__fastdepCC_TRUE=''
am__include='include'
am__isrc=''
am__leading_dot='.'
am__nodep='_no'
am__quote=''
am__tar='$${TAR-tar} chof - "$$tardir"'
am__untar='$${TAR-tar} xf -'
appdefaultdir='${datarootdir}/X11/app-defaults'
applicationsdir='${datarootdir}/applications'
bindir='${exec_prefix}/bin'
build_alias=''
compkeydbdir='${datadir}/xfig'
datadir='${datarootdir}'
datarootdir='${prefix}/share'
docdir='${datarootdir}/doc/${PACKAGE_TARNAME}'
dvidir='${docdir}'
exec_prefix='${prefix}'
gsman='This is needed when importing PDF or Encapsulated
host_alias=''
htmldir='${docdir}'
icondir='${datarootdir}/pixmaps'
includedir='${prefix}/include'
infodir='${datarootdir}/info'
install_sh='${SHELL} /home/liu2598/MemFuzz/generator/fig/src/xfig-3.2.8b/install-sh'
libdir='${exec_prefix}/lib'
libexecdir='${exec_prefix}/libexec'
localedir='${datarootdir}/locale'
localstatedir='${prefix}/var'
mandir='${datarootdir}/man'
mkdir_p='$(MKDIR_P)'
oldincludedir='/usr/include'
pdfdir='${docdir}'
prefix='/usr/local'
program_transform_name='s,x,x,'
psdir='${docdir}'
runstatedir='${localstatedir}/run'
sbindir='${exec_prefix}/sbin'
sharedstatedir='${prefix}/com'
sysconfdir='${prefix}/etc'
target_alias=''

## ----------- ##
## confdefs.h. ##
## ----------- ##

/* confdefs.h */
#define PACKAGE_NAME "xfig"
#define PACKAGE_TARNAME "xfig"
#define PACKAGE_VERSION "3.2.8b"
#define PACKAGE_STRING "xfig 3.2.8b"
#define PACKAGE_BUGREPORT "thomas.loimer@tuwien.ac.at"
#define PACKAGE_URL "https://sourceforge.net/projects/mcj/"
#define PROTOCOL_VERSION "3.2"
#define RELEASE_YEAR "2021"
#define PACKAGE "xfig"
#define VERSION "3.2.8b"
#define HAVE_DIRENT_H 1
#define STDC_HEADERS 1
#define HAVE_SYS_TYPES_H 1
#define HAVE_SYS_STAT_H 1
#define HAVE_STDLIB_H 1
#define HAVE_STRING_H 1
#define HAVE_MEMORY_H 1
#define HAVE_STRINGS_H 1
#define HAVE_INTTYPES_H 1
#define HAVE_STDINT_H 1
#define HAVE_UNISTD_H 1
#define HAVE_SYS_TIME_H 1
#define HAVE_JPEG 1
#define HAVE_PNG 1
#define HAVE_TIFF 1
#define restrict __restrict
#define HAVE_DECL_S_IFDIR 1
#define HAVE_DECL_S_IWRITE 1
#define HAVE_FORK 1
#define HAVE_VFORK 1
#define HAVE_WORKING_VFORK 1
#define HAVE_WORKING_FORK 1
#define HAVE_GETCWD 1
#define HAVE_SETLOCALE 1
#define HAVE_STRERROR 1
#define HAVE_ISASCII 1
#define HAVE_STRSTR 1
#define HAVE_STRCHR 1
#define HAVE_STRRCHR 1
#define HAVE_STRCASECMP 1
#define HAVE_STRNCASECMP 1
#define HAVE_STRDUP 1
#define HAVE_STRNDUP 1
#define ARROWS4TO14 1
#define I18N 1
#define I18N_USE_PREEDIT 1
#define GSEXE "gs"
#define CACHE_SIZE_LIMIT 20000
#define USE_XPM 1
#define XAW3D 1
#define XAW3D1_5E 1
#define COMP_LED 3
#define PRINTCAP "/etc/printcap"

configure: exit 0

## ---------------------- ##
## Running config.status. ##
## ---------------------- ##

This file was extended by xfig config.status 3.2.8b, which was
generated by GNU Autoconf 2.69.  Invocation command line was

  CONFIG_FILES    = 
  CONFIG_HEADERS  = 
  CONFIG_LINKS    = 
  CONFIG_COMMANDS = 
  $ ./config.status 

on trojai

config.status:949: creating Makefile
config.status:949: creating app-defaults/Fig
config.status:949: creating splash-image/spl_bckgnd.fig
config.status:949: creating src/Makefile
config.status:949: creating src/version.fig
config.status:949: creating doc/html/images/xfig-title.fig
config.status:949: creating doc/Makefile
config.status:949: creating doc/xfig.man
config.status:949: creating doc/xfig_man.html
config.status:949: creating tests/Makefile
config.status:949: creating tests/atlocal
config.status:949: creating config.h
config.status:1130: config.h is unchanged
config.status:1178: executing depfiles commands
config.status:1255: cd src       && sed -e '/# am--include-marker/d' Makefile         | make -f - am--depfiles
make[3]: Entering directory '/home/liu2598/MemFuzz/generator/fig/src/xfig-3.2.8b/src'
make[3]: Leaving directory '/home/liu2598/MemFuzz/generator/fig/src/xfig-3.2.8b/src'
config.status:1260: $? = 0
config.status:1255: cd tests       && sed -e '/# am--include-marker/d' Makefile         | make -f - am--depfiles
make[3]: Entering directory '/home/liu2598/MemFuzz/generator/fig/src/xfig-3.2.8b/tests'
make[3]: Leaving directory '/home/liu2598/MemFuzz/generator/fig/src/xfig-3.2.8b/tests'
config.status:1260: $? = 0
config.status:1178: executing tests/atconfig commands
