make all --print-data-base --no-builtin-variables --no-builtin-rules --question
# GNU Make 4.1
# Built for x86_64-pc-linux-gnu
# Copyright (C) 1988-2014 Free Software Foundation, Inc.
# License GPLv3+: GNU GPL version 3 or later <http://gnu.org/licenses/gpl.html>
# This is free software: you are free to change and redistribute it.
# There is NO WARRANTY, to the extent permitted by law.
 

# Make data base, printed on Mon Aug 22 13:14:48 2022

# Variables

# automatic
<D = $(patsubst %/,%,$(dir $<))
# automatic
?F = $(notdir $?)
# environment
OPAM_SWITCH_PREFIX = /home/youwei/.opam/4.05.0
# default
.SHELLFLAGS := -c
# environment
OCAML_TOPLEVEL_PATH = /home/youwei/.opam/4.05.0/lib/toplevel
# environment
_VIRTUALENVWRAPPER_API =  mkvirtualenv rmvirtualenv lsvirtualenv showvirtualenv workon add2virtualenv cdsitepackages cdvirtualenv lssitepackages toggleglobalsitepackages cpvirtualenv setvirtualenvproject mkproject cdproject mktmpenv mkvirtualenv rmvirtualenv lsvirtualenv showvirtualenv workon add2virtualenv cdsitepackages cdvirtualenv lssitepackages toggleglobalsitepackages cpvirtualenv setvirtualenvproject mkproject cdproject mktmpenv
# environment
VSCODE_AGENT_FOLDER = /home/youwei/.vscode-server
# environment
VSCODE_LOG_NATIVE = false
# automatic
?D = $(patsubst %/,%,$(dir $?))
# automatic
@D = $(patsubst %/,%,$(dir $@))
# automatic
@F = $(notdir $@)
# default
MAKE_VERSION := 4.1
# makefile
CURDIR := /home/youwei/MemFuzz/src/src
# makefile
SHELL = /bin/sh
# environment
VSCODE_NLS_CONFIG = {"locale":"en","availableLanguages":{}}
# environment
_ = /home/youwei/.vscode-server/bin/da15b6fd3ef856477bf6f4fb29ba1b7af717770d/node
# makefile (from 'Makefile', line 1)
MAKEFILE_LIST :=  Makefile
# 'override' directive
GNUMAKEFLAGS := 
# environment
XDG_DATA_DIRS = /usr/local/share:/usr/share:/var/lib/snapd/desktop
# environment
DBUS_SESSION_BUS_ADDRESS = unix:path=/run/user/1000/bus
# environment
VSCODE_VERBOSE_LOGGING = true
# environment
LESSOPEN = | /usr/bin/lesspipe %s
# environment
VSCODE_CWD = /home/youwei
# environment
SSH_CONNECTION = 128.10.12.218 59808 128.10.130.104 22
# environment
PATH = /home/youwei/.vscode-server/bin/da15b6fd3ef856477bf6f4fb29ba1b7af717770d/bin/remote-cli:/home/youwei/.opam/4.05.0/bin:/home/youwei/.cargo/bin:/home/youwei/bin:/home/youwei/.local/bin:/usr/local/sbin:/usr/local/bin:/usr/sbin:/usr/bin:/sbin:/bin:/usr/games:/usr/local/games:/snap/bin:/home/youwei/ScratchFuzzer/KLEE/llvm/build/Release+Asserts/bin:/home/youwei/pycharm/bin:/home/youwei/valgrind/bin:/home/youwei/.cargo/bin
# environment
XDG_RUNTIME_DIR = /run/user/1000
# environment
VSCODE_LOG_STACK = false
# default
.FEATURES := target-specific order-only second-expansion else-if shortest-stem undefine oneshell archives jobserver output-sync check-symlink load
# environment
LS_COLORS = 
# automatic
%F = $(notdir $%)
# environment
VSCODE_PIPE_LOGGING = true
# environment
PWD = /home/youwei/MemFuzz/src/src
# environment
QT_QPA_PLATFORMTHEME = appmenu-qt5
# environment
VSCODE_IPC_HOOK_CLI = /run/user/1000/vscode-ipc-be79a47c-b112-4d40-ab39-9e6d6b39fc42.sock
# automatic
*D = $(patsubst %/,%,$(dir $*))
# environment
MANPATH = :/home/youwei/.opam/4.05.0/man
# environment
VSCODE_AMD_ENTRYPOINT = vs/workbench/api/node/extensionHostProcess
# environment
HOME = /home/youwei
# environment
LESSCLOSE = /usr/bin/lesspipe %s %s
# environment
LOGNAME = youwei
# environment
APPLICATION_INSIGHTS_NO_DIAGNOSTIC_CHANNEL = true
# automatic
+F = $(notdir $+)
# environment
VSCODE_HANDLES_UNCAUGHT_ERRORS = true
# automatic
^D = $(patsubst %/,%,$(dir $^))
# environment
MAKELEVEL := 0
# default
MAKE = $(MAKE_COMMAND)
# default
MAKECMDGOALS := all
# environment
SHLVL = 3
# environment
XDG_SESSION_ID = 28084
# environment
USER = youwei
# environment
CAML_LD_LIBRARY_PATH = /home/youwei/.opam/4.05.0/lib/stublibs:/home/youwei/.opam/4.05.0/lib/ocaml/stublibs:/home/youwei/.opam/4.05.0/lib/ocaml
# makefile
.DEFAULT_GOAL := all
# environment
LIBVIRT_DEFAULT_URI = qemu:///system
# automatic
%D = $(patsubst %/,%,$(dir $%))
# default
MAKE_COMMAND := make
# default
.VARIABLES := 
# automatic
*F = $(notdir $*)
# makefile
MAKEFLAGS = pqrR
# environment
MFLAGS = -pqrR
# environment
SSH_CLIENT = 128.10.12.218 59808 22
# environment
MAIL = /var/mail/youwei
# automatic
+D = $(patsubst %/,%,$(dir $+))
# environment
BROWSER = /home/youwei/.vscode-server/bin/da15b6fd3ef856477bf6f4fb29ba1b7af717770d/bin/helpers/browser.sh
# environment
S_COLORS = auto
# environment
VSCODE_HANDLES_SIGPIPE = true
# default
MAKEFILES := 
# automatic
<F = $(notdir $<)
# environment
VIRTUALENVWRAPPER_SCRIPT = /usr/share/virtualenvwrapper/virtualenvwrapper.sh
# environment
LC_ALL = C
# automatic
^F = $(notdir $^)
# default
SUFFIXES := 
# default
 
.INCLUDE_DIRS = /usr/include /usr/local/include /usr/include
# default
.RECIPEPREFIX := 
# default
MAKE_HOST := x86_64-pc-linux-gnu
# environment
LANG = C
# environment
VSCODE_EXTHOST_WILL_SEND_SOCKET = true
# variable set hash-table stats:
# Load=76/1024=7%, Rehash=0, Collisions=8/104=8%

# Pattern-specific Variable Values

# No pattern-specific variable values.

# Directories

# . (device 2055, inode 9043976): 17 files, no impossibilities.

# 17 files, no impossibilities in 1 directories.

# Implicit Rules

# No implicit rules.

# Files

all:
#  Command line target.
#  Implicit rule search has not been done.
#  Implicit/static pattern stem: ''
#  File does not exist.
#  File has been updated.
#  Needs to be updated (-q is set).
# automatic
# @ := all
# automatic
# % := 
# automatic
# * := 
# automatic
# + := 
# automatic
# | := 
# automatic
# < := 
# automatic
# ^ := 
# automatic
# ? := 
# variable set hash-table stats:
# Load=8/32=25%, Rehash=0, Collisions=1/11=9%
#  recipe to execute (from 'Makefile', line 2):
	make static
	gcc -g -c a.c
	gcc -g -o a a.o libmemfuzz.a

# Not a target:
.SUFFIXES:
#  Implicit rule search has not been done.
#  Modification time never checked.
#  File has not been updated.

# Not a target:
Makefile:
#  Implicit rule search has been done.
#  Last modified 2021-10-14 23:25:39.491038569
#  File has been updated.
#  Successfully updated.

static:
#  Implicit rule search has not been done.
#  Modification time never checked.
#  File has not been updated.
 
#  recipe to execute (from 'Makefile', line 7):
	gcc -c -g memfuzz_util.c	
	gcc -c -g memfuzz_mutate.c
	ar rcs libmemfuzz.a memfuzz_util.o memfuzz_mutate.o

shared:
#  Implicit rule search has not been done.
#  Modification time never checked.
#  File has not been updated.
#  recipe to execute (from 'Makefile', line 12):
	gcc -g -fPIC -c memfuzz_util.c
	gcc -g -fPIC -c memfuzz_mutate.c
	gcc -g -shared -fPIC -o libmemfuzz.so memfuzz_util.o memfuzz_mutate.o

# Not a target:
.DEFAULT:
#  Implicit rule search has not been done.
#  Modification time never checked.
#  File has not been updated.

clean:
#  Implicit rule search has not been done.
#  Modification time never checked.
#  File has not been updated.
#  recipe to execute (from 'Makefile', line 17):
	rm -rf *.o
	rm -rf *.so
	rm -rf a
	rm -rf *.a

# files hash-table stats:
# Load=7/1024=1%, Rehash=0, Collisions=0/19=0%
# VPATH Search Paths

# No 'vpath' search paths.

# No general ('VPATH' variable) search path.

# strcache buffers: 1 (0) / strings = 25 / storage = 298 B / avg = 11 B
# current buf: size = 8162 B / used = 298 B / count = 25 / avg = 11 B

# strcache performance: lookups = 35 / hit rate = 28%
# hash-table stats:
# Load=25/8192=0%, Rehash=0, Collisions=1/35=3%
# Finished Make data base on Mon Aug 22 13:14:48 2022

 
